<?xml version="1.0" encoding="UTF-8"?>
<!-- Generated by org.testng.reporters.JUnitReportReporter -->
<testsuite hostname="Pruthvi" failures="0" tests="1" name="testcases.RegisterTest" time="2.789" errors="0" timestamp="2025-09-08T14:30:17 IST" skipped="0">
  <testcase classname="testcases.RegisterTest" name="registerNewUser" time="2.789"/>
</testsuite> <!-- testcases.RegisterTest -->
