<?xml version="1.0" encoding="UTF-8"?>
<!-- Generated by org.testng.reporters.JUnitReportReporter -->
<testsuite hostname="Pruthvi" failures="0" tests="1" name="testcases.RegisterTest" time="3.651" errors="0" timestamp="2025-09-09T10:58:50 IST" skipped="0">
  <testcase classname="testcases.RegisterTest" name="registerNewUser" time="3.651"/>
</testsuite> <!-- testcases.RegisterTest -->
