<?xml version="1.0" encoding="UTF-8"?>
<!-- Generated by org.testng.reporters.JUnitReportReporter -->
<testsuite hostname="Pruthvi" failures="0" tests="3" name="testcases.WishlistTest" time="49.730" errors="0" timestamp="2025-09-08T15:33:56 IST" skipped="0">
  <testcase classname="testcases.WishlistTest" name="addProductToWishlist" time="11.499"/>
  <testcase classname="testcases.WishlistTest" name="viewWishlistAndMoveToCart" time="25.367"/>
  <testcase classname="testcases.WishlistTest" name="removeWishlistItem" time="12.864"/>
</testsuite> <!-- testcases.WishlistTest -->
