<?xml version="1.0" encoding="UTF-8"?>
<!-- Generated by org.testng.reporters.JUnitReportReporter -->
<testsuite hostname="Pruthvi" failures="0" tests="1" name="testcases.LoginInvalidTest" time="2.956" errors="0" timestamp="2025-09-08T08:57:50 IST" skipped="0">
  <testcase classname="testcases.LoginInvalidTest" name="loginWithInvalidCredentialsShowsError" time="2.956"/>
</testsuite> <!-- testcases.LoginInvalidTest -->
