<?xml version="1.0" encoding="UTF-8"?>
<!-- Generated by org.testng.reporters.JUnitReportReporter -->
<testsuite hostname="Pruthvi" failures="0" tests="3" name="testcases.CategoryNavigationTest" time="5.958" errors="0" timestamp="2025-09-08T10:58:20 IST" skipped="0">
  <testcase classname="testcases.CategoryNavigationTest" name="browseComputers_Notebooks" time="2.807"/>
  <testcase classname="testcases.CategoryNavigationTest" name="browseElectronics_CellPhones" time="1.814"/>
  <testcase classname="testcases.CategoryNavigationTest" name="browseJewelry" time="1.337"/>
</testsuite> <!-- testcases.CategoryNavigationTest -->
