<?xml version="1.0" encoding="UTF-8"?>
<!-- Generated by org.testng.reporters.JUnitReportReporter -->
<testsuite hostname="Pruthvi" failures="0" tests="1" name="testcases.LoginValidTest" time="17.034" errors="0" timestamp="2025-09-08T08:57:50 IST" skipped="0">
  <testcase classname="testcases.LoginValidTest" name="loginWithValidCredentials" time="17.034"/>
</testsuite> <!-- testcases.LoginValidTest -->
