<?xml version="1.0" encoding="UTF-8"?>
<!-- Generated by org.testng.reporters.JUnitReportReporter -->
<testsuite hostname="Pruthvi" failures="0" tests="1" name="testcases.UpdateProfileTest" time="2.721" errors="0" timestamp="2025-09-08T10:58:20 IST" skipped="0">
  <testcase classname="testcases.UpdateProfileTest" name="updateProfileInformation" time="2.721"/>
</testsuite> <!-- testcases.UpdateProfileTest -->
