<?xml version="1.0" encoding="UTF-8"?>
<!-- Generated by org.testng.reporters.JUnitReportReporter -->
<testsuite hostname="Pruthvi" failures="0" tests="1" name="testcases.ProductDetailsTest" time="2.634" errors="0" timestamp="2025-09-08T11:26:38 IST" skipped="0">
  <testcase classname="testcases.ProductDetailsTest" name="viewSimpleProductDetails" time="2.634"/>
</testsuite> <!-- testcases.ProductDetailsTest -->
