<?xml version="1.0" encoding="UTF-8"?>
<!-- Generated by org.testng.reporters.JUnitReportReporter -->
<testsuite hostname="Pruthvi" failures="0" tests="2" name="testcases.SearchTest" time="2.758" errors="0" timestamp="2025-09-08T14:30:17 IST" skipped="0">
  <testcase classname="testcases.SearchTest" name="searchProductByName" time="1.538"/>
  <testcase classname="testcases.SearchTest" name="searchResultValidation" time="1.220"/>
</testsuite> <!-- testcases.SearchTest -->
