<?xml version="1.0" encoding="UTF-8"?>
<!-- Generated by org.testng.reporters.JUnitReportReporter -->
<testsuite hostname="Pruthvi" failures="0" tests="2" name="testcases.SearchTest" time="3.118" errors="0" timestamp="2025-09-09T10:58:50 IST" skipped="0">
  <testcase classname="testcases.SearchTest" name="searchProductByName" time="1.750"/>
  <testcase classname="testcases.SearchTest" name="searchResultValidation" time="1.368"/>
</testsuite> <!-- testcases.SearchTest -->
