<?xml version="1.0" encoding="UTF-8"?>
<!-- Generated by org.testng.reporters.JUnitReportReporter -->
<testsuite hostname="Pruthvi" failures="0" tests="3" name="testcases.WishlistTest" time="48.666" errors="0" timestamp="2025-09-08T14:30:17 IST" skipped="0">
  <testcase classname="testcases.WishlistTest" name="addProductToWishlist" time="10.698"/>
  <testcase classname="testcases.WishlistTest" name="viewWishlistAndMoveToCart" time="25.088"/>
  <testcase classname="testcases.WishlistTest" name="removeWishlistItem" time="12.880"/>
</testsuite> <!-- testcases.WishlistTest -->
