<?xml version="1.0" encoding="UTF-8"?>
<!-- Generated by org.testng.reporters.JUnitReportReporter -->
<testsuite hostname="Pruthvi" failures="0" tests="2" name="testcases.SearchTest" time="5.375" errors="0" timestamp="2025-09-08T15:33:56 IST" skipped="0">
  <testcase classname="testcases.SearchTest" name="searchProductByName" time="4.194"/>
  <testcase classname="testcases.SearchTest" name="searchResultValidation" time="1.181"/>
</testsuite> <!-- testcases.SearchTest -->
