<?xml version="1.0" encoding="UTF-8"?>
<!-- Generated by org.testng.reporters.JUnitReportReporter -->
<testsuite hostname="Pruthvi" failures="0" tests="3" name="testcases.WishlistTest" time="48.897" errors="0" timestamp="2025-09-09T10:58:50 IST" skipped="0">
  <testcase classname="testcases.WishlistTest" name="addProductToWishlist" time="10.714"/>
  <testcase classname="testcases.WishlistTest" name="viewWishlistAndMoveToCart" time="25.282"/>
  <testcase classname="testcases.WishlistTest" name="removeWishlistItem" time="12.901"/>
</testsuite> <!-- testcases.WishlistTest -->
