<?xml version="1.0" encoding="UTF-8"?>
<!-- Generated by org.testng.reporters.JUnitReportReporter -->
<testsuite hostname="Pruthvi" failures="0" tests="1" name="testcases.ChangePasswordTest" time="3.261" errors="0" timestamp="2025-09-08T10:58:20 IST" skipped="0">
  <testcase classname="testcases.ChangePasswordTest" name="changePasswordAndLoginWithNewPassword" time="3.261"/>
</testsuite> <!-- testcases.ChangePasswordTest -->
